Term papers/Курсач (7 сем)/BSU_Interactive_Map_Android/app/build/intermediates/manifest_merge_blame_file/debug/manifest-merger-blame-debug-report.txt
1<?xml version="1.0" encoding="utf-8"?>
2<manifest xmlns:android="http://schemas.android.com/apk/res/android"
3    package="com.example.bsuinteractivemap"
4    android:versionCode="1"
5    android:versionName="1.0" >
6
7    <uses-sdk
8        android:minSdkVersion="26"
8-->src\main\AndroidManifest.xml
9        android:targetSdkVersion="30" />
9-->src\main\AndroidManifest.xml
10
11    <uses-permission android:name="android.permission.ACCESS_FINE_LOCATION" />
11-->src\main\AndroidManifest.xml:5:5-79
11-->src\main\AndroidManifest.xml:5:22-76
12    <uses-permission android:name="android.permission.INTERNET" />
12-->src\main\AndroidManifest.xml:6:5-67
12-->src\main\AndroidManifest.xml:6:22-64
13    <uses-permission android:name="android.permission.ACCESS_NETWORK_STATE" />
13-->src\main\AndroidManifest.xml:7:5-79
13-->src\main\AndroidManifest.xml:7:22-76
14    <uses-permission android:name="android.permission.WRITE_EXTERNAL_STORAGE" />
14-->src\main\AndroidManifest.xml:8:5-9:40
14-->src\main\AndroidManifest.xml:8:22-78
15    <uses-permission android:name="android.permission.WAKE_LOCK" />
15-->[androidx.work:work-runtime:2.6.0] AndroidManifest.xml:25:5-68
15-->[androidx.work:work-runtime:2.6.0] AndroidManifest.xml:25:22-65
16    <uses-permission android:name="android.permission.RECEIVE_BOOT_COMPLETED" />
16-->[androidx.work:work-runtime:2.6.0] AndroidManifest.xml:27:5-81
16-->[androidx.work:work-runtime:2.6.0] AndroidManifest.xml:27:22-78
17    <uses-permission android:name="android.permission.FOREGROUND_SERVICE" />
17-->[androidx.work:work-runtime:2.6.0] AndroidManifest.xml:28:5-77
17-->[androidx.work:work-runtime:2.6.0] AndroidManifest.xml:28:22-74
18    <uses-permission android:name="android.permission.REORDER_TASKS" />
18-->[androidx.test:core:1.4.0] AndroidManifest.xml:24:5-72
18-->[androidx.test:core:1.4.0] AndroidManifest.xml:24:22-69
19
20    <supports-screens
20-->[org.osmdroid:osmdroid-android:6.1.10] AndroidManifest.xml:11:5-14:40
21        android:anyDensity="true"
21-->[org.osmdroid:osmdroid-android:6.1.10] AndroidManifest.xml:12:9-34
22        android:largeScreens="true"
22-->[org.osmdroid:osmdroid-android:6.1.10] AndroidManifest.xml:13:9-36
23        android:normalScreens="true" />
23-->[org.osmdroid:osmdroid-android:6.1.10] AndroidManifest.xml:14:9-37
24
25    <uses-feature
25-->[org.osmdroid:osmdroid-android:6.1.10] AndroidManifest.xml:16:5-18:36
26        android:name="android.hardware.location.network"
26-->[org.osmdroid:osmdroid-android:6.1.10] AndroidManifest.xml:17:9-57
27        android:required="false" />
27-->[org.osmdroid:osmdroid-android:6.1.10] AndroidManifest.xml:18:9-33
28    <uses-feature
28-->[org.osmdroid:osmdroid-android:6.1.10] AndroidManifest.xml:19:5-21:36
29        android:name="android.hardware.location.gps"
29-->[org.osmdroid:osmdroid-android:6.1.10] AndroidManifest.xml:20:9-53
30        android:required="false" />
30-->[org.osmdroid:osmdroid-android:6.1.10] AndroidManifest.xml:21:9-33
31    <uses-feature
31-->[org.osmdroid:osmdroid-android:6.1.10] AndroidManifest.xml:22:5-24:36
32        android:name="android.hardware.telephony"
32-->[org.osmdroid:osmdroid-android:6.1.10] AndroidManifest.xml:23:9-50
33        android:required="false" />
33-->[org.osmdroid:osmdroid-android:6.1.10] AndroidManifest.xml:24:9-33
34    <uses-feature
34-->[org.osmdroid:osmdroid-android:6.1.10] AndroidManifest.xml:25:5-27:36
35        android:name="android.hardware.wifi"
35-->[org.osmdroid:osmdroid-android:6.1.10] AndroidManifest.xml:26:9-45
36        android:required="false" />
36-->[org.osmdroid:osmdroid-android:6.1.10] AndroidManifest.xml:27:9-33
37
38    <application
38-->src\main\AndroidManifest.xml:10:5-27:19
39        android:name="com.example.bsuinteractivemap.WorkManagerApplication"
39-->src\main\AndroidManifest.xml:11:9-76
40        android:allowBackup="false"
40-->[mil.nga.geopackage:geopackage-android:2.0.1] AndroidManifest.xml:12:9-36
41        android:appComponentFactory="androidx.core.app.CoreComponentFactory"
41-->[androidx.core:core:1.5.0] AndroidManifest.xml:24:18-86
42        android:debuggable="true"
43        android:extractNativeLibs="false"
44        android:fullBackupOnly="false"
44-->[mil.nga.geopackage:geopackage-android:2.0.1] AndroidManifest.xml:13:9-39
45        android:icon="@mipmap/ic_launcher"
45-->src\main\AndroidManifest.xml:12:9-43
46        android:label="@string/app_name"
46-->src\main\AndroidManifest.xml:13:9-41
47        android:roundIcon="@mipmap/ic_launcher_round"
47-->src\main\AndroidManifest.xml:14:9-54
48        android:supportsRtl="true"
48-->src\main\AndroidManifest.xml:15:9-35
49        android:testOnly="true"
50        android:theme="@style/Theme.BSUInteractiveMap"
50-->src\main\AndroidManifest.xml:16:9-55
51        android:usesCleartextTraffic="true" >
51-->src\main\AndroidManifest.xml:17:9-44
52        <activity
52-->src\main\AndroidManifest.xml:18:9-26:20
53            android:name="com.example.ui.MainActivity"
53-->src\main\AndroidManifest.xml:19:13-55
54            android:exported="true" >
54-->src\main\AndroidManifest.xml:20:13-36
55            <intent-filter>
55-->src\main\AndroidManifest.xml:21:13-25:29
56                <action android:name="android.intent.action.MAIN" />
56-->src\main\AndroidManifest.xml:22:17-69
56-->src\main\AndroidManifest.xml:22:25-66
57
58                <category android:name="android.intent.category.LAUNCHER" />
58-->src\main\AndroidManifest.xml:24:17-77
58-->src\main\AndroidManifest.xml:24:27-74
59            </intent-filter>
60        </activity>
61
62        <provider
62-->[com.squareup.picasso:picasso:2.71828] AndroidManifest.xml:8:9-11:40
63            android:name="com.squareup.picasso.PicassoProvider"
63-->[com.squareup.picasso:picasso:2.71828] AndroidManifest.xml:9:13-64
64            android:authorities="com.example.bsuinteractivemap.com.squareup.picasso"
64-->[com.squareup.picasso:picasso:2.71828] AndroidManifest.xml:10:13-72
65            android:exported="false" />
65-->[com.squareup.picasso:picasso:2.71828] AndroidManifest.xml:11:13-37
66        <provider
66-->[androidx.work:work-runtime:2.6.0] AndroidManifest.xml:31:9-39:20
67            android:name="androidx.startup.InitializationProvider"
67-->[androidx.work:work-runtime:2.6.0] AndroidManifest.xml:32:13-67
68            android:authorities="com.example.bsuinteractivemap.androidx-startup"
68-->[androidx.work:work-runtime:2.6.0] AndroidManifest.xml:33:13-68
69            android:exported="false" >
69-->[androidx.work:work-runtime:2.6.0] AndroidManifest.xml:34:13-37
70            <meta-data
70-->[androidx.work:work-runtime:2.6.0] AndroidManifest.xml:36:13-38:52
71                android:name="androidx.work.WorkManagerInitializer"
71-->[androidx.work:work-runtime:2.6.0] AndroidManifest.xml:37:17-68
72                android:value="androidx.startup" />
72-->[androidx.work:work-runtime:2.6.0] AndroidManifest.xml:38:17-49
73        </provider>
74
75        <service
75-->[androidx.work:work-runtime:2.6.0] AndroidManifest.xml:41:9-46:35
76            android:name="androidx.work.impl.background.systemalarm.SystemAlarmService"
76-->[androidx.work:work-runtime:2.6.0] AndroidManifest.xml:42:13-88
77            android:directBootAware="false"
77-->[androidx.work:work-runtime:2.6.0] AndroidManifest.xml:43:13-44
78            android:enabled="@bool/enable_system_alarm_service_default"
78-->[androidx.work:work-runtime:2.6.0] AndroidManifest.xml:44:13-72
79            android:exported="false" />
79-->[androidx.work:work-runtime:2.6.0] AndroidManifest.xml:45:13-37
80        <service
80-->[androidx.work:work-runtime:2.6.0] AndroidManifest.xml:47:9-53:35
81            android:name="androidx.work.impl.background.systemjob.SystemJobService"
81-->[androidx.work:work-runtime:2.6.0] AndroidManifest.xml:48:13-84
82            android:directBootAware="false"
82-->[androidx.work:work-runtime:2.6.0] AndroidManifest.xml:49:13-44
83            android:enabled="@bool/enable_system_job_service_default"
83-->[androidx.work:work-runtime:2.6.0] AndroidManifest.xml:50:13-70
84            android:exported="true"
84-->[androidx.work:work-runtime:2.6.0] AndroidManifest.xml:51:13-36
85            android:permission="android.permission.BIND_JOB_SERVICE" />
85-->[androidx.work:work-runtime:2.6.0] AndroidManifest.xml:52:13-69
86        <service
86-->[androidx.work:work-runtime:2.6.0] AndroidManifest.xml:54:9-59:35
87            android:name="androidx.work.impl.foreground.SystemForegroundService"
87-->[androidx.work:work-runtime:2.6.0] AndroidManifest.xml:55:13-81
88            android:directBootAware="false"
88-->[androidx.work:work-runtime:2.6.0] AndroidManifest.xml:56:13-44
89            android:enabled="@bool/enable_system_foreground_service_default"
89-->[androidx.work:work-runtime:2.6.0] AndroidManifest.xml:57:13-77
90            android:exported="false" />
90-->[androidx.work:work-runtime:2.6.0] AndroidManifest.xml:58:13-37
91
92        <receiver
92-->[androidx.work:work-runtime:2.6.0] AndroidManifest.xml:61:9-66:35
93            android:name="androidx.work.impl.utils.ForceStopRunnable$BroadcastReceiver"
93-->[androidx.work:work-runtime:2.6.0] AndroidManifest.xml:62:13-88
94            android:directBootAware="false"
94-->[androidx.work:work-runtime:2.6.0] AndroidManifest.xml:63:13-44
95            android:enabled="true"
95-->[androidx.work:work-runtime:2.6.0] AndroidManifest.xml:64:13-35
96            android:exported="false" />
96-->[androidx.work:work-runtime:2.6.0] AndroidManifest.xml:65:13-37
97        <receiver
97-->[androidx.work:work-runtime:2.6.0] AndroidManifest.xml:67:9-77:20
98            android:name="androidx.work.impl.background.systemalarm.ConstraintProxy$BatteryChargingProxy"
98-->[androidx.work:work-runtime:2.6.0] AndroidManifest.xml:68:13-106
99            android:directBootAware="false"
99-->[androidx.work:work-runtime:2.6.0] AndroidManifest.xml:69:13-44
100            android:enabled="false"
100-->[androidx.work:work-runtime:2.6.0] AndroidManifest.xml:70:13-36
101            android:exported="false" >
101-->[androidx.work:work-runtime:2.6.0] AndroidManifest.xml:71:13-37
102            <intent-filter>
102-->[androidx.work:work-runtime:2.6.0] AndroidManifest.xml:73:13-76:29
103                <action android:name="android.intent.action.ACTION_POWER_CONNECTED" />
103-->[androidx.work:work-runtime:2.6.0] AndroidManifest.xml:74:17-87
103-->[androidx.work:work-runtime:2.6.0] AndroidManifest.xml:74:25-84
104                <action android:name="android.intent.action.ACTION_POWER_DISCONNECTED" />
104-->[androidx.work:work-runtime:2.6.0] AndroidManifest.xml:75:17-90
104-->[androidx.work:work-runtime:2.6.0] AndroidManifest.xml:75:25-87
105            </intent-filter>
106        </receiver>
107        <receiver
107-->[androidx.work:work-runtime:2.6.0] AndroidManifest.xml:78:9-88:20
108            android:name="androidx.work.impl.background.systemalarm.ConstraintProxy$BatteryNotLowProxy"
108-->[androidx.work:work-runtime:2.6.0] AndroidManifest.xml:79:13-104
109            android:directBootAware="false"
109-->[androidx.work:work-runtime:2.6.0] AndroidManifest.xml:80:13-44
110            android:enabled="false"
110-->[androidx.work:work-runtime:2.6.0] AndroidManifest.xml:81:13-36
111            android:exported="false" >
111-->[androidx.work:work-runtime:2.6.0] AndroidManifest.xml:82:13-37
112            <intent-filter>
112-->[androidx.work:work-runtime:2.6.0] AndroidManifest.xml:84:13-87:29
113                <action android:name="android.intent.action.BATTERY_OKAY" />
113-->[androidx.work:work-runtime:2.6.0] AndroidManifest.xml:85:17-77
113-->[androidx.work:work-runtime:2.6.0] AndroidManifest.xml:85:25-74
114                <action android:name="android.intent.action.BATTERY_LOW" />
114-->[androidx.work:work-runtime:2.6.0] AndroidManifest.xml:86:17-76
114-->[androidx.work:work-runtime:2.6.0] AndroidManifest.xml:86:25-73
115            </intent-filter>
116        </receiver>
117        <receiver
117-->[androidx.work:work-runtime:2.6.0] AndroidManifest.xml:89:9-99:20
118            android:name="androidx.work.impl.background.systemalarm.ConstraintProxy$StorageNotLowProxy"
118-->[androidx.work:work-runtime:2.6.0] AndroidManifest.xml:90:13-104
119            android:directBootAware="false"
119-->[androidx.work:work-runtime:2.6.0] AndroidManifest.xml:91:13-44
120            android:enabled="false"
120-->[androidx.work:work-runtime:2.6.0] AndroidManifest.xml:92:13-36
121            android:exported="false" >
121-->[androidx.work:work-runtime:2.6.0] AndroidManifest.xml:93:13-37
122            <intent-filter>
122-->[androidx.work:work-runtime:2.6.0] AndroidManifest.xml:95:13-98:29
123                <action android:name="android.intent.action.DEVICE_STORAGE_LOW" />
123-->[androidx.work:work-runtime:2.6.0] AndroidManifest.xml:96:17-83
123-->[androidx.work:work-runtime:2.6.0] AndroidManifest.xml:96:25-80
124                <action android:name="android.intent.action.DEVICE_STORAGE_OK" />
124-->[androidx.work:work-runtime:2.6.0] AndroidManifest.xml:97:17-82
124-->[androidx.work:work-runtime:2.6.0] AndroidManifest.xml:97:25-79
125            </intent-filter>
126        </receiver>
127        <receiver
127-->[androidx.work:work-runtime:2.6.0] AndroidManifest.xml:100:9-109:20
128            android:name="androidx.work.impl.background.systemalarm.ConstraintProxy$NetworkStateProxy"
128-->[androidx.work:work-runtime:2.6.0] AndroidManifest.xml:101:13-103
129            android:directBootAware="false"
129-->[androidx.work:work-runtime:2.6.0] AndroidManifest.xml:102:13-44
130            android:enabled="false"
130-->[androidx.work:work-runtime:2.6.0] AndroidManifest.xml:103:13-36
131            android:exported="false" >
131-->[androidx.work:work-runtime:2.6.0] AndroidManifest.xml:104:13-37
132            <intent-filter>
132-->[androidx.work:work-runtime:2.6.0] AndroidManifest.xml:106:13-108:29
133                <action android:name="android.net.conn.CONNECTIVITY_CHANGE" />
133-->[androidx.work:work-runtime:2.6.0] AndroidManifest.xml:107:17-79
133-->[androidx.work:work-runtime:2.6.0] AndroidManifest.xml:107:25-76
134            </intent-filter>
135        </receiver>
136        <receiver
136-->[androidx.work:work-runtime:2.6.0] AndroidManifest.xml:110:9-121:20
137            android:name="androidx.work.impl.background.systemalarm.RescheduleReceiver"
137-->[androidx.work:work-runtime:2.6.0] AndroidManifest.xml:111:13-88
138            android:directBootAware="false"
138-->[androidx.work:work-runtime:2.6.0] AndroidManifest.xml:112:13-44
139            android:enabled="false"
139-->[androidx.work:work-runtime:2.6.0] AndroidManifest.xml:113:13-36
140            android:exported="false" >
140-->[androidx.work:work-runtime:2.6.0] AndroidManifest.xml:114:13-37
141            <intent-filter>
141-->[androidx.work:work-runtime:2.6.0] AndroidManifest.xml:116:13-120:29
142                <action android:name="android.intent.action.BOOT_COMPLETED" />
142-->[androidx.work:work-runtime:2.6.0] AndroidManifest.xml:117:17-79
142-->[androidx.work:work-runtime:2.6.0] AndroidManifest.xml:117:25-76
143                <action android:name="android.intent.action.TIME_SET" />
143-->[androidx.work:work-runtime:2.6.0] AndroidManifest.xml:118:17-73
143-->[androidx.work:work-runtime:2.6.0] AndroidManifest.xml:118:25-70
144                <action android:name="android.intent.action.TIMEZONE_CHANGED" />
144-->[androidx.work:work-runtime:2.6.0] AndroidManifest.xml:119:17-81
144-->[androidx.work:work-runtime:2.6.0] AndroidManifest.xml:119:25-78
145            </intent-filter>
146        </receiver>
147        <receiver
147-->[androidx.work:work-runtime:2.6.0] AndroidManifest.xml:122:9-131:20
148            android:name="androidx.work.impl.background.systemalarm.ConstraintProxyUpdateReceiver"
148-->[androidx.work:work-runtime:2.6.0] AndroidManifest.xml:123:13-99
149            android:directBootAware="false"
149-->[androidx.work:work-runtime:2.6.0] AndroidManifest.xml:124:13-44
150            android:enabled="@bool/enable_system_alarm_service_default"
150-->[androidx.work:work-runtime:2.6.0] AndroidManifest.xml:125:13-72
151            android:exported="false" >
151-->[androidx.work:work-runtime:2.6.0] AndroidManifest.xml:126:13-37
152            <intent-filter>
152-->[androidx.work:work-runtime:2.6.0] AndroidManifest.xml:128:13-130:29
153                <action android:name="androidx.work.impl.background.systemalarm.UpdateProxies" />
153-->[androidx.work:work-runtime:2.6.0] AndroidManifest.xml:129:17-98
153-->[androidx.work:work-runtime:2.6.0] AndroidManifest.xml:129:25-95
154            </intent-filter>
155        </receiver>
156        <receiver
156-->[androidx.work:work-runtime:2.6.0] AndroidManifest.xml:132:9-142:20
157            android:name="androidx.work.impl.diagnostics.DiagnosticsReceiver"
157-->[androidx.work:work-runtime:2.6.0] AndroidManifest.xml:133:13-78
158            android:directBootAware="false"
158-->[androidx.work:work-runtime:2.6.0] AndroidManifest.xml:134:13-44
159            android:enabled="true"
159-->[androidx.work:work-runtime:2.6.0] AndroidManifest.xml:135:13-35
160            android:exported="true"
160-->[androidx.work:work-runtime:2.6.0] AndroidManifest.xml:136:13-36
161            android:permission="android.permission.DUMP" >
161-->[androidx.work:work-runtime:2.6.0] AndroidManifest.xml:137:13-57
162            <intent-filter>
162-->[androidx.work:work-runtime:2.6.0] AndroidManifest.xml:139:13-141:29
163                <action android:name="androidx.work.diagnostics.REQUEST_DIAGNOSTICS" />
163-->[androidx.work:work-runtime:2.6.0] AndroidManifest.xml:140:17-88
163-->[androidx.work:work-runtime:2.6.0] AndroidManifest.xml:140:25-85
164            </intent-filter>
165        </receiver>
166
167        <service
167-->[androidx.room:room-runtime:2.3.0] AndroidManifest.xml:25:9-28:40
168            android:name="androidx.room.MultiInstanceInvalidationService"
168-->[androidx.room:room-runtime:2.3.0] AndroidManifest.xml:26:13-74
169            android:directBootAware="true"
169-->[androidx.room:room-runtime:2.3.0] AndroidManifest.xml:27:13-43
170            android:exported="false" />
170-->[androidx.room:room-runtime:2.3.0] AndroidManifest.xml:28:13-37
171
172        <activity
172-->[androidx.test:core:1.4.0] AndroidManifest.xml:27:9-34:20
173            android:name="androidx.test.core.app.InstrumentationActivityInvoker$BootstrapActivity"
173-->[androidx.test:core:1.4.0] AndroidManifest.xml:28:13-99
174            android:exported="true"
174-->[androidx.test:core:1.4.0] AndroidManifest.xml:29:13-36
175            android:theme="@android:style/Theme" >
175-->[androidx.test:core:1.4.0] AndroidManifest.xml:30:13-49
176            <intent-filter>
176-->[androidx.test:core:1.4.0] AndroidManifest.xml:31:13-33:29
177                <action android:name="android.intent.action.MAIN" />
177-->src\main\AndroidManifest.xml:22:17-69
177-->src\main\AndroidManifest.xml:22:25-66
178            </intent-filter>
179        </activity>
180        <activity
180-->[androidx.test:core:1.4.0] AndroidManifest.xml:35:9-42:20
181            android:name="androidx.test.core.app.InstrumentationActivityInvoker$EmptyActivity"
181-->[androidx.test:core:1.4.0] AndroidManifest.xml:36:13-95
182            android:exported="true"
182-->[androidx.test:core:1.4.0] AndroidManifest.xml:37:13-36
183            android:theme="@android:style/Theme" >
183-->[androidx.test:core:1.4.0] AndroidManifest.xml:38:13-49
184            <intent-filter>
184-->[androidx.test:core:1.4.0] AndroidManifest.xml:31:13-33:29
185                <action android:name="android.intent.action.MAIN" />
185-->src\main\AndroidManifest.xml:22:17-69
185-->src\main\AndroidManifest.xml:22:25-66
186            </intent-filter>
187        </activity>
188        <activity
188-->[androidx.test:core:1.4.0] AndroidManifest.xml:43:9-50:20
189            android:name="androidx.test.core.app.InstrumentationActivityInvoker$EmptyFloatingActivity"
189-->[androidx.test:core:1.4.0] AndroidManifest.xml:44:13-103
190            android:exported="true"
190-->[androidx.test:core:1.4.0] AndroidManifest.xml:45:13-36
191            android:theme="@android:style/Theme.Dialog" >
191-->[androidx.test:core:1.4.0] AndroidManifest.xml:46:13-56
192            <intent-filter>
192-->[androidx.test:core:1.4.0] AndroidManifest.xml:31:13-33:29
193                <action android:name="android.intent.action.MAIN" />
193-->src\main\AndroidManifest.xml:22:17-69
193-->src\main\AndroidManifest.xml:22:25-66
194            </intent-filter>
195        </activity>
196    </application>
197
198</manifest>